0 verbose cli C:\Program Files\nodejs\node.exe C:\Users\notai\AppData\Roaming\npm\node_modules\npm\bin\npm-cli.js
1 info using npm@10.3.0
2 info using node@v20.9.0
3 timing npm:load:whichnode Completed in 6ms
4 timing config:load:defaults Completed in 5ms
5 timing config:load:file:C:\Users\notai\AppData\Roaming\npm\node_modules\npm\npmrc Completed in 7ms
6 timing config:load:builtin Completed in 7ms
7 timing config:load:cli Completed in 4ms
8 timing config:load:env Completed in 3ms
9 timing config:load:file:G:\notai\stfrancisweb\stfrancisweb\stfrancisweb\.npmrc Completed in 0ms
10 timing config:load:project Completed in 2ms
11 timing config:load:file:C:\Users\notai\.npmrc Completed in 0ms
12 timing config:load:user Completed in 1ms
13 timing config:load:file:C:\Users\notai\AppData\Roaming\npm\etc\npmrc Completed in 1ms
14 timing config:load:global Completed in 1ms
15 timing config:load:setEnvs Completed in 1ms
16 timing config:load Completed in 24ms
17 timing npm:load:configload Completed in 24ms
18 timing config:load:flatten Completed in 4ms
19 timing npm:load:mkdirpcache Completed in 1ms
20 timing npm:load:mkdirplogs Completed in 1ms
21 verbose title npm install @testing-library/jest-dom@^5.14.1 @testing-library/react@^13.0.0 @testing-library/user-event@^13.2.1 web-vitals@^2.1.0
22 verbose argv "install" "--no-audit" "--save" "@testing-library/jest-dom@^5.14.1" "@testing-library/react@^13.0.0" "@testing-library/user-event@^13.2.1" "web-vitals@^2.1.0"
23 timing npm:load:setTitle Completed in 1ms
24 timing npm:load:display Completed in 1ms
25 verbose logfile logs-max:10 dir:G:\notai\stfrancisweb\stfrancisweb\stfrancisweb\notai\packages\npm\_logs\2024-04-29T12_51_04_318Z-
26 verbose logfile G:\notai\stfrancisweb\stfrancisweb\stfrancisweb\notai\packages\npm\_logs\2024-04-29T12_51_04_318Z-debug-0.log
27 timing npm:load:logFile Completed in 14ms
28 timing npm:load:timers Completed in 0ms
29 timing npm:load:configScope Completed in 0ms
30 timing npm:load Completed in 140ms
31 timing arborist:ctor Completed in 1ms
32 silly logfile done cleaning log files
33 timing idealTree:init Completed in 1435ms
34 timing idealTree:userRequests Completed in 3ms
35 silly idealTree buildDeps
36 silly fetch manifest @testing-library/jest-dom@^5.14.1
37 timing arborist:ctor Completed in 0ms
38 http fetch GET 200 https://registry.npmjs.org/@testing-library%2fjest-dom 1668ms (cache miss)
39 silly fetch manifest @testing-library/react@^13.0.0
40 http fetch GET 200 https://registry.npmjs.org/@testing-library%2freact 257ms (cache miss)
41 silly fetch manifest react@^18.3.1
42 http fetch GET 200 https://registry.npmjs.org/react 25ms (cache hit)
43 silly fetch manifest react-dom@^18.3.1
44 http fetch GET 200 https://registry.npmjs.org/react-dom 20ms (cache hit)
45 silly fetch manifest @testing-library/user-event@^13.2.1
46 http fetch GET 200 https://registry.npmjs.org/@testing-library%2fuser-event 396ms (cache miss)
47 silly fetch manifest @testing-library/dom@>=7.21.4
48 http fetch GET 200 https://registry.npmjs.org/@testing-library%2fdom 225ms (cache miss)
49 silly fetch manifest web-vitals@^2.1.0
50 http fetch GET 200 https://registry.npmjs.org/web-vitals 284ms (cache miss)
51 silly placeDep ROOT @testing-library/jest-dom@5.17.0 OK for: stfrancisweb@0.1.0 want: ^5.14.1
52 silly fetch manifest @types/testing-library__jest-dom@^5.9.1
53 silly fetch manifest chalk@^3.0.0
54 silly fetch manifest @adobe/css-tools@^4.0.1
55 silly fetch manifest css.escape@^1.5.1
56 silly fetch manifest dom-accessibility-api@^0.5.6
57 silly fetch manifest redent@^3.0.0
58 silly placeDep ROOT @testing-library/react@13.4.0 OK for: stfrancisweb@0.1.0 want: ^13.0.0
59 silly fetch manifest @testing-library/dom@^8.5.0
60 silly fetch manifest @types/react-dom@^18.0.0
61 silly placeDep ROOT @testing-library/user-event@13.5.0 OK for: stfrancisweb@0.1.0 want: ^13.2.1
62 silly placeDep ROOT @testing-library/dom@10.1.0 OK for: @testing-library/user-event@13.5.0 want: >=7.21.4
63 silly fetch manifest @types/aria-query@^5.0.1
64 silly fetch manifest chalk@^4.1.0
65 silly fetch manifest dom-accessibility-api@^0.5.9
66 silly fetch manifest lz-string@^1.5.0
67 silly placeDep ROOT web-vitals@2.1.4 OK for: stfrancisweb@0.1.0 want: ^2.1.0
68 http fetch GET 200 https://registry.npmjs.org/chalk 89ms (cache hit)
69 http fetch GET 200 https://registry.npmjs.org/chalk 73ms (cache hit)
70 http fetch GET 200 https://registry.npmjs.org/@types%2ftesting-library__jest-dom 281ms (cache miss)
71 http fetch GET 200 https://registry.npmjs.org/@types%2freact-dom 598ms (cache miss)
72 http fetch GET 200 https://registry.npmjs.org/redent 721ms (cache miss)
73 http fetch GET 200 https://registry.npmjs.org/lz-string 703ms (cache miss)
74 http fetch GET 200 https://registry.npmjs.org/css.escape 726ms (cache miss)
75 http fetch GET 200 https://registry.npmjs.org/dom-accessibility-api 713ms (cache miss)
76 http fetch GET 200 https://registry.npmjs.org/dom-accessibility-api 738ms (cache miss)
77 http fetch GET 200 https://registry.npmjs.org/@adobe%2fcss-tools 3863ms (cache miss)
78 http fetch GET 200 https://registry.npmjs.org/@types%2faria-query 7435ms (cache miss)
79 timing idealTree:#root Completed in 10441ms
80 silly placeDep ROOT @types/aria-query@5.0.4 OK for: @testing-library/dom@10.1.0 want: ^5.0.1
81 silly placeDep node_modules/@testing-library/dom chalk@4.1.2 OK for: @testing-library/dom@10.1.0 want: ^4.1.0
82 silly fetch manifest ansi-styles@^4.1.0
83 silly fetch manifest supports-color@^7.1.0
84 silly placeDep ROOT dom-accessibility-api@0.5.16 OK for: @testing-library/dom@10.1.0 want: ^0.5.9
85 silly placeDep ROOT lz-string@1.5.0 OK for: @testing-library/dom@10.1.0 want: ^1.5.0
86 http fetch GET 200 https://registry.npmjs.org/ansi-styles 21ms (cache hit)
87 http fetch GET 200 https://registry.npmjs.org/supports-color 22ms (cache hit)
88 timing idealTree:node_modules/@testing-library/dom Completed in 38ms
89 silly placeDep ROOT @adobe/css-tools@4.3.3 OK for: @testing-library/jest-dom@5.17.0 want: ^4.0.1
90 silly placeDep ROOT @types/testing-library__jest-dom@5.14.9 OK for: @testing-library/jest-dom@5.17.0 want: ^5.9.1
91 silly fetch manifest @types/jest@*
92 silly placeDep node_modules/@testing-library/jest-dom chalk@3.0.0 OK for: @testing-library/jest-dom@5.17.0 want: ^3.0.0
93 silly placeDep ROOT css.escape@1.5.1 OK for: @testing-library/jest-dom@5.17.0 want: ^1.5.1
94 silly placeDep ROOT redent@3.0.0 OK for: @testing-library/jest-dom@5.17.0 want: ^3.0.0
95 silly fetch manifest indent-string@^4.0.0
96 silly fetch manifest strip-indent@^3.0.0
97 http fetch GET 200 https://registry.npmjs.org/strip-indent 158ms (cache miss)
98 http fetch GET 200 https://registry.npmjs.org/indent-string 164ms (cache miss)
99 http fetch GET 200 https://registry.npmjs.org/@types%2fjest 257ms (cache miss)
100 timing idealTree:node_modules/@testing-library/jest-dom Completed in 273ms
101 timing idealTree:node_modules/@adobe/css-tools Completed in 0ms
102 silly placeDep node_modules/@testing-library/react @testing-library/dom@8.20.1 OK for: @testing-library/react@13.4.0 want: ^8.5.0
103 silly fetch manifest aria-query@5.1.3
104 silly placeDep ROOT @types/react-dom@18.3.0 OK for: @testing-library/react@13.4.0 want: ^18.0.0
105 silly fetch manifest @types/react@*
106 http fetch GET 200 https://registry.npmjs.org/aria-query 16ms (cache hit)
107 http fetch GET 200 https://registry.npmjs.org/@types%2freact 708ms (cache miss)
108 timing idealTree:node_modules/@testing-library/react Completed in 732ms
109 timing idealTree:node_modules/@testing-library/user-event Completed in 1ms
110 timing idealTree:node_modules/@types/aria-query Completed in 0ms
111 silly placeDep ROOT @types/react@18.3.1 OK for: @types/react-dom@18.3.0 want: *
112 silly fetch manifest @types/prop-types@*
113 silly fetch manifest csstype@^3.0.2
114 http fetch GET 200 https://registry.npmjs.org/@types%2fprop-types 294ms (cache miss)
115 http fetch GET 200 https://registry.npmjs.org/csstype 294ms (cache miss)
116 timing idealTree:node_modules/@types/react-dom Completed in 307ms
117 silly placeDep ROOT @types/prop-types@15.7.12 OK for: @types/react@18.3.1 want: *
118 silly placeDep ROOT csstype@3.1.3 OK for: @types/react@18.3.1 want: ^3.0.2
119 timing idealTree:node_modules/@types/react Completed in 14ms
120 timing idealTree:node_modules/@types/prop-types Completed in 0ms
121 silly placeDep ROOT @types/jest@29.5.12 OK for: @types/testing-library__jest-dom@5.14.9 want: *
122 silly fetch manifest expect@^29.0.0
123 silly fetch manifest pretty-format@^29.0.0
124 http fetch GET 200 https://registry.npmjs.org/expect 21ms (cache hit)
125 http fetch GET 200 https://registry.npmjs.org/pretty-format 27ms (cache hit)
126 timing idealTree:node_modules/@types/testing-library__jest-dom Completed in 37ms
127 silly placeDep node_modules/@types/jest expect@29.7.0 OK for: @types/jest@29.5.12 want: ^29.0.0
128 silly fetch manifest @jest/expect-utils@^29.7.0
129 silly fetch manifest jest-get-type@^29.6.3
130 silly fetch manifest jest-matcher-utils@^29.7.0
131 silly fetch manifest jest-message-util@^29.7.0
132 silly fetch manifest jest-util@^29.7.0
133 silly placeDep node_modules/@types/jest pretty-format@29.7.0 OK for: @types/jest@29.5.12 want: ^29.0.0
134 silly fetch manifest @jest/schemas@^29.6.3
135 silly fetch manifest ansi-styles@^5.0.0
136 silly fetch manifest react-is@^18.0.0
137 http fetch GET 200 https://registry.npmjs.org/jest-get-type 62ms (cache hit)
138 http fetch GET 200 https://registry.npmjs.org/jest-matcher-utils 64ms (cache hit)
139 http fetch GET 200 https://registry.npmjs.org/jest-message-util 68ms (cache hit)
140 http fetch GET 200 https://registry.npmjs.org/jest-util 73ms (cache hit)
141 http fetch GET 200 https://registry.npmjs.org/@jest%2fschemas 72ms (cache hit)
142 http fetch GET 200 https://registry.npmjs.org/react-is 78ms (cache hit)
143 http fetch GET 200 https://registry.npmjs.org/@jest%2fexpect-utils 234ms (cache miss)
144 timing idealTree:node_modules/@types/jest Completed in 248ms
145 timing idealTree:node_modules/css.escape Completed in 1ms
146 timing idealTree:node_modules/csstype Completed in 0ms
147 timing idealTree:node_modules/dom-accessibility-api Completed in 0ms
148 timing idealTree:node_modules/lz-string Completed in 0ms
149 silly fetch manifest typescript@^3.2.1 || ^4
150 http fetch GET 200 https://registry.npmjs.org/typescript 276ms (cache revalidated)
151 silly placeDep ROOT typescript@4.9.5 REPLACE for: react-scripts@5.0.1 want: ^3.2.1 || ^4
152 timing idealTree:node_modules/react-scripts Completed in 422ms
153 silly placeDep ROOT indent-string@4.0.0 OK for: redent@3.0.0 want: ^4.0.0
154 silly placeDep ROOT strip-indent@3.0.0 OK for: redent@3.0.0 want: ^3.0.0
155 silly fetch manifest min-indent@^1.0.0
156 http fetch GET 200 https://registry.npmjs.org/min-indent 251ms (cache miss)
157 timing idealTree:node_modules/redent Completed in 261ms
158 timing idealTree:node_modules/indent-string Completed in 0ms
159 silly placeDep ROOT min-indent@1.0.1 OK for: strip-indent@3.0.0 want: ^1.0.0
160 timing idealTree:node_modules/strip-indent Completed in 5ms
161 timing idealTree:node_modules/min-indent Completed in 0ms
162 timing idealTree:node_modules/typescript Completed in 0ms
163 timing idealTree:node_modules/web-vitals Completed in 0ms
164 silly placeDep node_modules/@testing-library/dom ansi-styles@4.3.0 OK for: chalk@4.1.2 want: ^4.1.0
165 silly fetch manifest color-convert@^2.0.1
166 silly placeDep node_modules/@testing-library/dom supports-color@7.2.0 OK for: chalk@4.1.2 want: ^7.1.0
167 silly fetch manifest has-flag@^4.0.0
168 http fetch GET 200 https://registry.npmjs.org/color-convert 18ms (cache hit)
169 http fetch GET 200 https://registry.npmjs.org/has-flag 16ms (cache hit)
170 timing idealTree:node_modules/@testing-library/dom/node_modules/chalk Completed in 28ms
171 silly placeDep node_modules/@testing-library/dom color-convert@2.0.1 OK for: ansi-styles@4.3.0 want: ^2.0.1
172 silly fetch manifest color-name@~1.1.4
173 http fetch GET 200 https://registry.npmjs.org/color-name 7ms (cache hit)
174 timing idealTree:node_modules/@testing-library/dom/node_modules/ansi-styles Completed in 12ms
175 silly placeDep node_modules/@testing-library/dom color-name@1.1.4 OK for: color-convert@2.0.1 want: ~1.1.4
176 timing idealTree:node_modules/@testing-library/dom/node_modules/color-convert Completed in 7ms
177 timing idealTree:node_modules/@testing-library/dom/node_modules/color-name Completed in 0ms
178 silly placeDep node_modules/@testing-library/dom has-flag@4.0.0 OK for: supports-color@7.2.0 want: ^4.0.0
179 timing idealTree:node_modules/@testing-library/dom/node_modules/supports-color Completed in 5ms
180 timing idealTree:node_modules/@testing-library/dom/node_modules/has-flag Completed in 0ms
181 silly placeDep node_modules/@testing-library/jest-dom ansi-styles@4.3.0 OK for: chalk@3.0.0 want: ^4.1.0
182 silly placeDep node_modules/@testing-library/jest-dom supports-color@7.2.0 OK for: chalk@3.0.0 want: ^7.1.0
183 timing idealTree:node_modules/@testing-library/jest-dom/node_modules/chalk Completed in 6ms
184 silly placeDep node_modules/@testing-library/jest-dom color-convert@2.0.1 OK for: ansi-styles@4.3.0 want: ^2.0.1
185 timing idealTree:node_modules/@testing-library/jest-dom/node_modules/ansi-styles Completed in 3ms
186 silly placeDep node_modules/@testing-library/jest-dom color-name@1.1.4 OK for: color-convert@2.0.1 want: ~1.1.4
187 timing idealTree:node_modules/@testing-library/jest-dom/node_modules/color-convert Completed in 5ms
188 timing idealTree:node_modules/@testing-library/jest-dom/node_modules/color-name Completed in 0ms
189 silly placeDep node_modules/@testing-library/jest-dom has-flag@4.0.0 OK for: supports-color@7.2.0 want: ^4.0.0
190 timing idealTree:node_modules/@testing-library/jest-dom/node_modules/supports-color Completed in 3ms
191 timing idealTree:node_modules/@testing-library/jest-dom/node_modules/has-flag Completed in 0ms
192 silly placeDep node_modules/@testing-library/react aria-query@5.1.3 OK for: @testing-library/dom@8.20.1 want: 5.1.3
193 silly fetch manifest deep-equal@^2.0.5
194 silly placeDep node_modules/@testing-library/react chalk@4.1.2 OK for: @testing-library/dom@8.20.1 want: ^4.1.0
195 http fetch GET 200 https://registry.npmjs.org/deep-equal 231ms (cache miss)
196 timing idealTree:node_modules/@testing-library/react/node_modules/@testing-library/dom Completed in 237ms
197 silly placeDep ROOT deep-equal@2.2.3 OK for: aria-query@5.1.3 want: ^2.0.5
198 silly fetch manifest es-get-iterator@^1.1.3
199 silly fetch manifest is-arguments@^1.1.1
200 silly fetch manifest object-is@^1.1.5
201 http fetch GET 200 https://registry.npmjs.org/object-is 191ms (cache miss)
202 http fetch GET 200 https://registry.npmjs.org/is-arguments 198ms (cache miss)
203 http fetch GET 200 https://registry.npmjs.org/es-get-iterator 199ms (cache miss)
204 timing idealTree:node_modules/@testing-library/react/node_modules/aria-query Completed in 211ms
205 silly placeDep ROOT es-get-iterator@1.1.3 OK for: deep-equal@2.2.3 want: ^1.1.3
206 silly fetch manifest stop-iteration-iterator@^1.0.0
207 silly placeDep ROOT is-arguments@1.1.1 OK for: deep-equal@2.2.3 want: ^1.1.1
208 silly placeDep ROOT object-is@1.1.6 OK for: deep-equal@2.2.3 want: ^1.1.5
209 http fetch GET 200 https://registry.npmjs.org/stop-iteration-iterator 3688ms (cache miss)
210 timing idealTree:node_modules/deep-equal Completed in 3698ms
211 silly placeDep ROOT stop-iteration-iterator@1.0.0 OK for: es-get-iterator@1.1.3 want: ^1.0.0
212 timing idealTree:node_modules/es-get-iterator Completed in 5ms
213 timing idealTree:node_modules/is-arguments Completed in 0ms
214 timing idealTree:node_modules/object-is Completed in 0ms
215 timing idealTree:node_modules/stop-iteration-iterator Completed in 0ms
216 silly placeDep node_modules/@testing-library/react ansi-styles@4.3.0 OK for: chalk@4.1.2 want: ^4.1.0
217 silly placeDep node_modules/@testing-library/react supports-color@7.2.0 OK for: chalk@4.1.2 want: ^7.1.0
218 timing idealTree:node_modules/@testing-library/react/node_modules/chalk Completed in 10ms
219 silly placeDep node_modules/@testing-library/react color-convert@2.0.1 OK for: ansi-styles@4.3.0 want: ^2.0.1
220 timing idealTree:node_modules/@testing-library/react/node_modules/ansi-styles Completed in 5ms
221 silly placeDep node_modules/@testing-library/react color-name@1.1.4 OK for: color-convert@2.0.1 want: ~1.1.4
222 timing idealTree:node_modules/@testing-library/react/node_modules/color-convert Completed in 3ms
223 timing idealTree:node_modules/@testing-library/react/node_modules/color-name Completed in 0ms
224 silly placeDep node_modules/@testing-library/react has-flag@4.0.0 OK for: supports-color@7.2.0 want: ^4.0.0
225 timing idealTree:node_modules/@testing-library/react/node_modules/supports-color Completed in 3ms
226 timing idealTree:node_modules/@testing-library/react/node_modules/has-flag Completed in 0ms
227 silly placeDep ROOT @jest/expect-utils@29.7.0 OK for: expect@29.7.0 want: ^29.7.0
228 silly placeDep node_modules/@types/jest jest-get-type@29.6.3 OK for: expect@29.7.0 want: ^29.6.3
229 silly placeDep node_modules/@types/jest jest-matcher-utils@29.7.0 OK for: expect@29.7.0 want: ^29.7.0
230 silly fetch manifest chalk@^4.0.0
231 silly fetch manifest jest-diff@^29.7.0
232 silly placeDep node_modules/@types/jest jest-message-util@29.7.0 OK for: expect@29.7.0 want: ^29.7.0
233 silly fetch manifest @jest/types@^29.6.3
234 silly placeDep node_modules/@types/jest jest-util@29.7.0 OK for: expect@29.7.0 want: ^29.7.0
235 http fetch GET 200 https://registry.npmjs.org/@jest%2ftypes 22ms (cache hit)
236 http fetch GET 200 https://registry.npmjs.org/jest-diff 34ms (cache hit)
237 timing idealTree:node_modules/@types/jest/node_modules/expect Completed in 55ms
238 silly placeDep node_modules/@jest/expect-utils jest-get-type@29.6.3 OK for: @jest/expect-utils@29.7.0 want: ^29.6.3
239 timing idealTree:node_modules/@jest/expect-utils Completed in 4ms
240 timing idealTree:node_modules/@jest/expect-utils/node_modules/jest-get-type Completed in 0ms
241 timing idealTree:node_modules/@types/jest/node_modules/jest-get-type Completed in 0ms
242 silly placeDep node_modules/@types/jest chalk@4.1.2 OK for: jest-matcher-utils@29.7.0 want: ^4.0.0
243 silly placeDep node_modules/@types/jest jest-diff@29.7.0 OK for: jest-matcher-utils@29.7.0 want: ^29.7.0
244 silly fetch manifest diff-sequences@^29.6.3
245 http fetch GET 200 https://registry.npmjs.org/diff-sequences 12ms (cache hit)
246 timing idealTree:node_modules/@types/jest/node_modules/jest-matcher-utils Completed in 28ms
247 silly placeDep node_modules/@types/jest ansi-styles@4.3.0 OK for: chalk@4.1.2 want: ^4.1.0
248 silly placeDep node_modules/@types/jest supports-color@7.2.0 OK for: chalk@4.1.2 want: ^7.1.0
249 timing idealTree:node_modules/@types/jest/node_modules/chalk Completed in 12ms
250 silly placeDep node_modules/@types/jest color-convert@2.0.1 OK for: ansi-styles@4.3.0 want: ^2.0.1
251 timing idealTree:node_modules/@types/jest/node_modules/ansi-styles Completed in 7ms
252 silly placeDep node_modules/@types/jest color-name@1.1.4 OK for: color-convert@2.0.1 want: ~1.1.4
253 timing idealTree:node_modules/@types/jest/node_modules/color-convert Completed in 3ms
254 timing idealTree:node_modules/@types/jest/node_modules/color-name Completed in 0ms
255 silly placeDep node_modules/@types/jest diff-sequences@29.6.3 OK for: jest-diff@29.7.0 want: ^29.6.3
256 timing idealTree:node_modules/@types/jest/node_modules/jest-diff Completed in 3ms
257 timing idealTree:node_modules/@types/jest/node_modules/diff-sequences Completed in 0ms
258 silly placeDep node_modules/@types/jest @jest/types@29.6.3 OK for: jest-message-util@29.7.0 want: ^29.6.3
259 silly fetch manifest @types/yargs@^17.0.8
260 http fetch GET 200 https://registry.npmjs.org/@types%2fyargs 11ms (cache hit)
261 timing idealTree:node_modules/@types/jest/node_modules/jest-message-util Completed in 24ms
262 silly placeDep node_modules/@types/jest @jest/schemas@29.6.3 OK for: @jest/types@29.6.3 want: ^29.6.3
263 silly fetch manifest @sinclair/typebox@^0.27.8
264 silly placeDep node_modules/@types/jest @types/yargs@17.0.32 OK for: @jest/types@29.6.3 want: ^17.0.8
265 http fetch GET 200 https://registry.npmjs.org/@sinclair%2ftypebox 15ms (cache hit)
266 timing idealTree:node_modules/@types/jest/node_modules/@jest/types Completed in 26ms
267 silly placeDep node_modules/@types/jest @sinclair/typebox@0.27.8 OK for: @jest/schemas@29.6.3 want: ^0.27.8
268 timing idealTree:node_modules/@types/jest/node_modules/@jest/schemas Completed in 2ms
269 timing idealTree:node_modules/@types/jest/node_modules/@sinclair/typebox Completed in 0ms
270 timing idealTree:node_modules/@types/jest/node_modules/@types/yargs Completed in 0ms
271 timing idealTree:node_modules/@types/jest/node_modules/jest-util Completed in 0ms
272 silly placeDep node_modules/@types/jest/node_modules/pretty-format ansi-styles@5.2.0 OK for: pretty-format@29.7.0 want: ^5.0.0
273 silly placeDep node_modules/@types/jest react-is@18.3.1 OK for: pretty-format@29.7.0 want: ^18.0.0
274 timing idealTree:node_modules/@types/jest/node_modules/pretty-format Completed in 9ms
275 timing idealTree:node_modules/@types/jest/node_modules/react-is Completed in 0ms
276 silly placeDep node_modules/@types/jest has-flag@4.0.0 OK for: supports-color@7.2.0 want: ^4.0.0
277 timing idealTree:node_modules/@types/jest/node_modules/supports-color Completed in 3ms
278 timing idealTree:node_modules/@types/jest/node_modules/has-flag Completed in 0ms
279 timing idealTree:node_modules/@types/jest/node_modules/pretty-format/node_modules/ansi-styles Completed in 0ms
280 timing idealTree:buildDeps Completed in 17214ms
281 timing idealTree:fixDepFlags Completed in 21ms
282 timing idealTree Completed in 18694ms
283 timing reify:loadTrees Completed in 18697ms
284 timing reify:diffTrees Completed in 62ms
285 silly reify mark retired [
285 silly reify   'G:\\notai\\stfrancisweb\\stfrancisweb\\stfrancisweb\\node_modules\\typescript',
285 silly reify   'G:\\notai\\stfrancisweb\\stfrancisweb\\stfrancisweb\\node_modules\\.bin\\tsc',
285 silly reify   'G:\\notai\\stfrancisweb\\stfrancisweb\\stfrancisweb\\node_modules\\.bin\\tsc.cmd',
285 silly reify   'G:\\notai\\stfrancisweb\\stfrancisweb\\stfrancisweb\\node_modules\\.bin\\tsc.ps1',
285 silly reify   'G:\\notai\\stfrancisweb\\stfrancisweb\\stfrancisweb\\node_modules\\.bin\\tsserver',
285 silly reify   'G:\\notai\\stfrancisweb\\stfrancisweb\\stfrancisweb\\node_modules\\.bin\\tsserver.cmd',
285 silly reify   'G:\\notai\\stfrancisweb\\stfrancisweb\\stfrancisweb\\node_modules\\.bin\\tsserver.ps1'
285 silly reify ]
286 silly reify moves {
286 silly reify   'G:\\notai\\stfrancisweb\\stfrancisweb\\stfrancisweb\\node_modules\\typescript': 'G:\\notai\\stfrancisweb\\stfrancisweb\\stfrancisweb\\node_modules\\.typescript-FaZIMBnK',
286 silly reify   'G:\\notai\\stfrancisweb\\stfrancisweb\\stfrancisweb\\node_modules\\.bin\\tsc': 'G:\\notai\\stfrancisweb\\stfrancisweb\\stfrancisweb\\node_modules\\.bin\\.tsc-lhYey1hG',
286 silly reify   'G:\\notai\\stfrancisweb\\stfrancisweb\\stfrancisweb\\node_modules\\.bin\\tsc.cmd': 'G:\\notai\\stfrancisweb\\stfrancisweb\\stfrancisweb\\node_modules\\.bin\\.tsc.cmd-aDY3kQQS',
286 silly reify   'G:\\notai\\stfrancisweb\\stfrancisweb\\stfrancisweb\\node_modules\\.bin\\tsc.ps1': 'G:\\notai\\stfrancisweb\\stfrancisweb\\stfrancisweb\\node_modules\\.bin\\.tsc.ps1-4JnT9uXI',
286 silly reify   'G:\\notai\\stfrancisweb\\stfrancisweb\\stfrancisweb\\node_modules\\.bin\\tsserver': 'G:\\notai\\stfrancisweb\\stfrancisweb\\stfrancisweb\\node_modules\\.bin\\.tsserver-4rFbKdFR',
286 silly reify   'G:\\notai\\stfrancisweb\\stfrancisweb\\stfrancisweb\\node_modules\\.bin\\tsserver.cmd': 'G:\\notai\\stfrancisweb\\stfrancisweb\\stfrancisweb\\node_modules\\.bin\\.tsserver.cmd-971A0wyR',
286 silly reify   'G:\\notai\\stfrancisweb\\stfrancisweb\\stfrancisweb\\node_modules\\.bin\\tsserver.ps1': 'G:\\notai\\stfrancisweb\\stfrancisweb\\stfrancisweb\\node_modules\\.bin\\.tsserver.ps1-ET4S2brF'
286 silly reify }
287 timing reify:retireShallow Completed in 18ms
288 timing reify:createSparse Completed in 31ms
289 timing reify:loadBundles Completed in 0ms
290 verbose reify failed optional dependency G:\notai\stfrancisweb\stfrancisweb\stfrancisweb\node_modules\fsevents
291 silly reify mark deleted [
291 silly reify   'G:\\notai\\stfrancisweb\\stfrancisweb\\stfrancisweb\\node_modules\\fsevents'
291 silly reify ]
292 timing reifyNode:node_modules/fsevents Completed in 21ms
293 silly tarball no local data for stop-iteration-iterator@https://registry.npmjs.org/stop-iteration-iterator/-/stop-iteration-iterator-1.0.0.tgz. Extracting by manifest.
294 silly tarball no local data for object-is@https://registry.npmjs.org/object-is/-/object-is-1.1.6.tgz. Extracting by manifest.
295 silly tarball no local data for @jest/expect-utils@https://registry.npmjs.org/@jest/expect-utils/-/expect-utils-29.7.0.tgz. Extracting by manifest.
296 silly tarball no local data for is-arguments@https://registry.npmjs.org/is-arguments/-/is-arguments-1.1.1.tgz. Extracting by manifest.
297 silly tarball no local data for es-get-iterator@https://registry.npmjs.org/es-get-iterator/-/es-get-iterator-1.1.3.tgz. Extracting by manifest.
298 silly tarball no local data for deep-equal@https://registry.npmjs.org/deep-equal/-/deep-equal-2.2.3.tgz. Extracting by manifest.
299 silly tarball no local data for min-indent@https://registry.npmjs.org/min-indent/-/min-indent-1.0.1.tgz. Extracting by manifest.
300 silly tarball no local data for strip-indent@https://registry.npmjs.org/strip-indent/-/strip-indent-3.0.0.tgz. Extracting by manifest.
301 silly tarball no local data for @types/prop-types@https://registry.npmjs.org/@types/prop-types/-/prop-types-15.7.12.tgz. Extracting by manifest.
302 silly tarball no local data for indent-string@https://registry.npmjs.org/indent-string/-/indent-string-4.0.0.tgz. Extracting by manifest.
303 silly tarball no local data for @types/jest@https://registry.npmjs.org/@types/jest/-/jest-29.5.12.tgz. Extracting by manifest.
304 silly tarball no local data for csstype@https://registry.npmjs.org/csstype/-/csstype-3.1.3.tgz. Extracting by manifest.
305 silly tarball no local data for @types/react@https://registry.npmjs.org/@types/react/-/react-18.3.1.tgz. Extracting by manifest.
306 silly tarball no local data for @types/react-dom@https://registry.npmjs.org/@types/react-dom/-/react-dom-18.3.0.tgz. Extracting by manifest.
307 silly tarball no local data for redent@https://registry.npmjs.org/redent/-/redent-3.0.0.tgz. Extracting by manifest.
308 silly tarball no local data for css.escape@https://registry.npmjs.org/css.escape/-/css.escape-1.5.1.tgz. Extracting by manifest.
309 silly tarball no local data for @types/testing-library__jest-dom@https://registry.npmjs.org/@types/testing-library__jest-dom/-/testing-library__jest-dom-5.14.9.tgz. Extracting by manifest.
310 silly tarball no local data for lz-string@https://registry.npmjs.org/lz-string/-/lz-string-1.5.0.tgz. Extracting by manifest.
311 silly tarball no local data for @types/aria-query@https://registry.npmjs.org/@types/aria-query/-/aria-query-5.0.4.tgz. Extracting by manifest.
312 silly tarball no local data for dom-accessibility-api@https://registry.npmjs.org/dom-accessibility-api/-/dom-accessibility-api-0.5.16.tgz. Extracting by manifest.
313 silly tarball no local data for @adobe/css-tools@https://registry.npmjs.org/@adobe/css-tools/-/css-tools-4.3.3.tgz. Extracting by manifest.
314 silly tarball no local data for @testing-library/dom@https://registry.npmjs.org/@testing-library/dom/-/dom-10.1.0.tgz. Extracting by manifest.
315 silly tarball no local data for web-vitals@https://registry.npmjs.org/web-vitals/-/web-vitals-2.1.4.tgz. Extracting by manifest.
316 silly tarball no local data for @testing-library/user-event@https://registry.npmjs.org/@testing-library/user-event/-/user-event-13.5.0.tgz. Extracting by manifest.
317 silly tarball no local data for @testing-library/react@https://registry.npmjs.org/@testing-library/react/-/react-13.4.0.tgz. Extracting by manifest.
318 silly tarball no local data for @testing-library/jest-dom@https://registry.npmjs.org/@testing-library/jest-dom/-/jest-dom-5.17.0.tgz. Extracting by manifest.
319 silly tarball no local data for typescript@https://registry.npmjs.org/typescript/-/typescript-4.9.5.tgz. Extracting by manifest.
320 silly tarball no local data for jest-get-type@https://registry.npmjs.org/jest-get-type/-/jest-get-type-29.6.3.tgz. Extracting by manifest.
321 silly tarball no local data for @sinclair/typebox@https://registry.npmjs.org/@sinclair/typebox/-/typebox-0.27.8.tgz. Extracting by manifest.
322 silly tarball no local data for @jest/schemas@https://registry.npmjs.org/@jest/schemas/-/schemas-29.6.3.tgz. Extracting by manifest.
323 silly tarball no local data for diff-sequences@https://registry.npmjs.org/diff-sequences/-/diff-sequences-29.6.3.tgz. Extracting by manifest.
324 silly tarball no local data for @jest/types@https://registry.npmjs.org/@jest/types/-/types-29.6.3.tgz. Extracting by manifest.
325 silly tarball no local data for jest-diff@https://registry.npmjs.org/jest-diff/-/jest-diff-29.7.0.tgz. Extracting by manifest.
326 silly tarball no local data for jest-message-util@https://registry.npmjs.org/jest-message-util/-/jest-message-util-29.7.0.tgz. Extracting by manifest.
327 silly tarball no local data for jest-matcher-utils@https://registry.npmjs.org/jest-matcher-utils/-/jest-matcher-utils-29.7.0.tgz. Extracting by manifest.
328 silly tarball no local data for jest-get-type@https://registry.npmjs.org/jest-get-type/-/jest-get-type-29.6.3.tgz. Extracting by manifest.
329 silly tarball no local data for jest-util@https://registry.npmjs.org/jest-util/-/jest-util-29.7.0.tgz. Extracting by manifest.
330 silly tarball no local data for expect@https://registry.npmjs.org/expect/-/expect-29.7.0.tgz. Extracting by manifest.
331 silly tarball no local data for pretty-format@https://registry.npmjs.org/pretty-format/-/pretty-format-29.7.0.tgz. Extracting by manifest.
332 silly tarball no local data for aria-query@https://registry.npmjs.org/aria-query/-/aria-query-5.1.3.tgz. Extracting by manifest.
333 silly tarball no local data for @testing-library/dom@https://registry.npmjs.org/@testing-library/dom/-/dom-8.20.1.tgz. Extracting by manifest.
334 silly tarball no local data for chalk@https://registry.npmjs.org/chalk/-/chalk-3.0.0.tgz. Extracting by manifest.
335 timing reifyNode:node_modules/@testing-library/dom/node_modules/color-name Completed in 766ms
336 timing reifyNode:node_modules/@types/jest/node_modules/color-name Completed in 768ms
337 timing reifyNode:node_modules/@testing-library/react/node_modules/color-name Completed in 838ms
338 timing reifyNode:node_modules/@testing-library/jest-dom/node_modules/color-name Completed in 839ms
339 timing reifyNode:node_modules/@types/jest/node_modules/has-flag Completed in 970ms
340 timing reifyNode:node_modules/@types/jest/node_modules/supports-color Completed in 971ms
341 timing reifyNode:node_modules/@testing-library/react/node_modules/has-flag Completed in 971ms
342 timing reifyNode:node_modules/@testing-library/dom/node_modules/supports-color Completed in 972ms
343 timing reifyNode:node_modules/@testing-library/jest-dom/node_modules/has-flag Completed in 975ms
344 timing reifyNode:node_modules/@testing-library/react/node_modules/supports-color Completed in 978ms
345 timing reifyNode:node_modules/@testing-library/dom/node_modules/has-flag Completed in 980ms
346 timing reifyNode:node_modules/@types/jest/node_modules/ansi-styles Completed in 997ms
347 timing reifyNode:node_modules/@types/jest/node_modules/pretty-format/node_modules/ansi-styles Completed in 997ms
348 timing reifyNode:node_modules/@testing-library/dom/node_modules/ansi-styles Completed in 996ms
349 http fetch GET 200 https://registry.npmjs.org/min-indent/-/min-indent-1.0.1.tgz 928ms (cache miss)
350 timing reifyNode:node_modules/@testing-library/react/node_modules/ansi-styles Completed in 1001ms
351 http fetch GET 200 https://registry.npmjs.org/strip-indent/-/strip-indent-3.0.0.tgz 926ms (cache miss)
352 timing reifyNode:node_modules/@testing-library/jest-dom/node_modules/supports-color Completed in 1001ms
353 timing reifyNode:node_modules/@testing-library/jest-dom/node_modules/ansi-styles Completed in 1003ms
354 timing reifyNode:node_modules/min-indent Completed in 1017ms
355 timing reifyNode:node_modules/strip-indent Completed in 1037ms
356 timing reifyNode:node_modules/@types/jest/node_modules/color-convert Completed in 1067ms
357 timing reifyNode:node_modules/@testing-library/dom/node_modules/color-convert Completed in 1088ms
358 timing reifyNode:node_modules/@testing-library/react/node_modules/color-convert Completed in 1088ms
359 timing reifyNode:node_modules/@testing-library/jest-dom/node_modules/color-convert Completed in 1104ms
360 timing reifyNode:node_modules/@types/jest/node_modules/chalk Completed in 1120ms
361 timing reifyNode:node_modules/@testing-library/dom/node_modules/chalk Completed in 1119ms
362 timing reifyNode:node_modules/@testing-library/react/node_modules/chalk Completed in 1133ms
363 timing reifyNode:node_modules/@types/jest/node_modules/react-is Completed in 1201ms
364 timing reifyNode:node_modules/@types/jest/node_modules/@types/yargs Completed in 1204ms
365 http fetch GET 200 https://registry.npmjs.org/stop-iteration-iterator/-/stop-iteration-iterator-1.0.0.tgz 1288ms (cache miss)
366 http fetch GET 200 https://registry.npmjs.org/indent-string/-/indent-string-4.0.0.tgz 1307ms (cache miss)
367 http fetch GET 200 https://registry.npmjs.org/redent/-/redent-3.0.0.tgz 1311ms (cache miss)
368 timing reifyNode:node_modules/stop-iteration-iterator Completed in 1414ms
369 timing reifyNode:node_modules/indent-string Completed in 1422ms
370 http fetch GET 200 https://registry.npmjs.org/@jest/expect-utils/-/expect-utils-29.7.0.tgz 1354ms (cache miss)
371 timing reifyNode:node_modules/redent Completed in 1436ms
372 http fetch GET 200 https://registry.npmjs.org/jest-get-type/-/jest-get-type-29.6.3.tgz 1322ms (cache miss)
373 timing reifyNode:node_modules/@jest/expect-utils Completed in 1469ms
374 timing reifyNode:node_modules/@types/jest/node_modules/jest-get-type Completed in 1466ms
375 http fetch GET 200 https://registry.npmjs.org/jest-message-util/-/jest-message-util-29.7.0.tgz 1380ms (cache miss)
376 http fetch GET 200 https://registry.npmjs.org/@jest/schemas/-/schemas-29.6.3.tgz 1425ms (cache miss)
377 timing reifyNode:node_modules/@types/jest/node_modules/jest-message-util Completed in 1537ms
378 timing reifyNode:node_modules/@types/jest/node_modules/@jest/schemas Completed in 1600ms
379 http fetch GET 200 https://registry.npmjs.org/is-arguments/-/is-arguments-1.1.1.tgz 1564ms (cache miss)
380 timing reifyNode:node_modules/is-arguments Completed in 1636ms
381 http fetch GET 200 https://registry.npmjs.org/deep-equal/-/deep-equal-2.2.3.tgz 1600ms (cache miss)
382 timing reifyNode:node_modules/deep-equal Completed in 1740ms
383 http fetch GET 200 https://registry.npmjs.org/jest-matcher-utils/-/jest-matcher-utils-29.7.0.tgz 1689ms (cache miss)
384 timing reifyNode:node_modules/@types/jest/node_modules/jest-matcher-utils Completed in 1830ms
385 http fetch GET 200 https://registry.npmjs.org/es-get-iterator/-/es-get-iterator-1.1.3.tgz 1929ms (cache miss)
386 http fetch GET 200 https://registry.npmjs.org/css.escape/-/css.escape-1.5.1.tgz 1945ms (cache miss)
387 timing reifyNode:node_modules/css.escape Completed in 2032ms
388 timing reifyNode:node_modules/es-get-iterator Completed in 2035ms
389 http fetch GET 200 https://registry.npmjs.org/@types/jest/-/jest-29.5.12.tgz 1975ms (cache miss)
390 timing reifyNode:node_modules/@types/jest Completed in 2059ms
391 http fetch GET 200 https://registry.npmjs.org/jest-get-type/-/jest-get-type-29.6.3.tgz 1966ms (cache miss)
392 timing reifyNode:node_modules/@jest/expect-utils/node_modules/jest-get-type Completed in 2073ms
393 http fetch GET 200 https://registry.npmjs.org/object-is/-/object-is-1.1.6.tgz 2007ms (cache miss)
394 timing reifyNode:node_modules/object-is Completed in 2078ms
395 http fetch GET 200 https://registry.npmjs.org/@types/testing-library__jest-dom/-/testing-library__jest-dom-5.14.9.tgz 2101ms (cache miss)
396 timing reifyNode:node_modules/@types/testing-library__jest-dom Completed in 2189ms
397 http fetch GET 200 https://registry.npmjs.org/diff-sequences/-/diff-sequences-29.6.3.tgz 2135ms (cache miss)
398 timing reifyNode:node_modules/@types/jest/node_modules/diff-sequences Completed in 2246ms
399 http fetch GET 200 https://registry.npmjs.org/chalk/-/chalk-3.0.0.tgz 2128ms (cache miss)
400 timing reifyNode:node_modules/@testing-library/jest-dom/node_modules/chalk Completed in 2265ms
401 http fetch GET 200 https://registry.npmjs.org/@types/react-dom/-/react-dom-18.3.0.tgz 2270ms (cache miss)
402 timing reifyNode:node_modules/@types/react-dom Completed in 2354ms
403 http fetch GET 200 https://registry.npmjs.org/expect/-/expect-29.7.0.tgz 2234ms (cache miss)
404 timing reifyNode:node_modules/@types/jest/node_modules/expect Completed in 2364ms
405 http fetch GET 200 https://registry.npmjs.org/jest-diff/-/jest-diff-29.7.0.tgz 2281ms (cache miss)
406 timing reifyNode:node_modules/@types/jest/node_modules/jest-diff Completed in 2396ms
407 http fetch GET 200 https://registry.npmjs.org/@jest/types/-/types-29.6.3.tgz 2316ms (cache miss)
408 timing reifyNode:node_modules/@types/jest/node_modules/@jest/types Completed in 2429ms
409 http fetch GET 200 https://registry.npmjs.org/lz-string/-/lz-string-1.5.0.tgz 2376ms (cache miss)
410 timing reifyNode:node_modules/lz-string Completed in 2480ms
411 http fetch GET 200 https://registry.npmjs.org/pretty-format/-/pretty-format-29.7.0.tgz 2389ms (cache miss)
412 timing reifyNode:node_modules/@types/jest/node_modules/pretty-format Completed in 2521ms
413 http fetch GET 200 https://registry.npmjs.org/csstype/-/csstype-3.1.3.tgz 2612ms (cache miss)
414 timing reifyNode:node_modules/csstype Completed in 2694ms
415 http fetch GET 200 https://registry.npmjs.org/jest-util/-/jest-util-29.7.0.tgz 2695ms (cache miss)
416 timing reifyNode:node_modules/@types/jest/node_modules/jest-util Completed in 2820ms
417 http fetch GET 200 https://registry.npmjs.org/@types/aria-query/-/aria-query-5.0.4.tgz 2768ms (cache miss)
418 timing reifyNode:node_modules/@types/aria-query Completed in 2857ms
419 http fetch GET 200 https://registry.npmjs.org/@testing-library/jest-dom/-/jest-dom-5.17.0.tgz 2826ms (cache miss)
420 timing reifyNode:node_modules/@testing-library/jest-dom Completed in 2925ms
421 http fetch GET 200 https://registry.npmjs.org/@types/react/-/react-18.3.1.tgz 2865ms (cache miss)
422 timing reifyNode:node_modules/@types/react Completed in 2952ms
423 http fetch GET 200 https://registry.npmjs.org/@sinclair/typebox/-/typebox-0.27.8.tgz 2985ms (cache miss)
424 timing reifyNode:node_modules/@types/jest/node_modules/@sinclair/typebox Completed in 3094ms
425 http fetch GET 200 https://registry.npmjs.org/web-vitals/-/web-vitals-2.1.4.tgz 3152ms (cache miss)
426 timing reifyNode:node_modules/web-vitals Completed in 3254ms
427 http fetch GET 200 https://registry.npmjs.org/dom-accessibility-api/-/dom-accessibility-api-0.5.16.tgz 3186ms (cache miss)
428 timing reifyNode:node_modules/dom-accessibility-api Completed in 3283ms
429 http fetch GET 200 https://registry.npmjs.org/@testing-library/dom/-/dom-10.1.0.tgz 3314ms (cache miss)
430 timing reifyNode:node_modules/@testing-library/dom Completed in 3412ms
431 http fetch GET 200 https://registry.npmjs.org/@testing-library/user-event/-/user-event-13.5.0.tgz 3469ms (cache miss)
432 timing reifyNode:node_modules/@testing-library/user-event Completed in 3567ms
433 http fetch GET 200 https://registry.npmjs.org/aria-query/-/aria-query-5.1.3.tgz 3602ms (cache miss)
434 timing reifyNode:node_modules/@testing-library/react/node_modules/aria-query Completed in 3737ms
435 http fetch GET 200 https://registry.npmjs.org/@testing-library/react/-/react-13.4.0.tgz 4064ms (cache miss)
436 timing reifyNode:node_modules/@testing-library/react Completed in 4163ms
437 http fetch GET 200 https://registry.npmjs.org/@types/prop-types/-/prop-types-15.7.12.tgz 4161ms (cache miss)
438 timing reifyNode:node_modules/@types/prop-types Completed in 4243ms
439 http fetch GET 200 https://registry.npmjs.org/@adobe/css-tools/-/css-tools-4.3.3.tgz 5017ms (cache miss)
440 timing reifyNode:node_modules/@adobe/css-tools Completed in 5109ms
441 http fetch GET 200 https://registry.npmjs.org/@testing-library/dom/-/dom-8.20.1.tgz 5064ms (cache miss)
442 timing reifyNode:node_modules/@testing-library/react/node_modules/@testing-library/dom Completed in 5202ms
443 http fetch GET 200 https://registry.npmjs.org/typescript/-/typescript-4.9.5.tgz 8647ms (cache miss)
444 timing reifyNode:node_modules/typescript Completed in 8747ms
445 timing reify:unpack Completed in 8755ms
446 timing reify:unretire Completed in 0ms
447 timing build:queue Completed in 6ms
448 timing build:link:node_modules/lz-string Completed in 12ms
449 timing build:link:node_modules/typescript Completed in 11ms
450 timing build:link Completed in 13ms
451 timing build:deps Completed in 21ms
452 timing build Completed in 21ms
453 timing reify:build Completed in 24ms
454 timing reify:trash Completed in 40ms
455 timing reify:save Completed in 1284ms
456 timing reify Completed in 29711ms
457 silly ADD node_modules/@jest/expect-utils
458 silly ADD node_modules/@jest/expect-utils/node_modules/jest-get-type
459 silly ADD node_modules/stop-iteration-iterator
460 silly ADD node_modules/object-is
461 silly ADD node_modules/is-arguments
462 silly ADD node_modules/es-get-iterator
463 silly ADD node_modules/deep-equal
464 silly ADD node_modules/min-indent
465 silly ADD node_modules/strip-indent
466 silly ADD node_modules/indent-string
467 silly ADD node_modules/@types/jest
468 silly ADD node_modules/@types/jest/node_modules/has-flag
469 silly ADD node_modules/@types/jest/node_modules/react-is
470 silly ADD node_modules/@types/jest/node_modules/@sinclair/typebox
471 silly ADD node_modules/@types/jest/node_modules/@types/yargs
472 silly ADD node_modules/@types/jest/node_modules/@jest/schemas
473 silly ADD node_modules/@types/jest/node_modules/@jest/types
474 silly ADD node_modules/@types/jest/node_modules/diff-sequences
475 silly ADD node_modules/@types/jest/node_modules/color-name
476 silly ADD node_modules/@types/jest/node_modules/color-convert
477 silly ADD node_modules/@types/jest/node_modules/supports-color
478 silly ADD node_modules/@types/jest/node_modules/ansi-styles
479 silly ADD node_modules/@types/jest/node_modules/jest-diff
480 silly ADD node_modules/@types/jest/node_modules/chalk
481 silly ADD node_modules/@types/jest/node_modules/jest-util
482 silly ADD node_modules/@types/jest/node_modules/jest-message-util
483 silly ADD node_modules/@types/jest/node_modules/jest-matcher-utils
484 silly ADD node_modules/@types/jest/node_modules/jest-get-type
485 silly ADD node_modules/@types/jest/node_modules/pretty-format
486 silly ADD node_modules/@types/jest/node_modules/pretty-format/node_modules/ansi-styles
487 silly ADD node_modules/@types/jest/node_modules/expect
488 silly ADD node_modules/csstype
489 silly ADD node_modules/@types/prop-types
490 silly ADD node_modules/@types/react
491 silly ADD node_modules/@types/react-dom
492 silly ADD node_modules/redent
493 silly ADD node_modules/css.escape
494 silly ADD node_modules/@types/testing-library__jest-dom
495 silly ADD node_modules/@adobe/css-tools
496 silly ADD node_modules/lz-string
497 silly ADD node_modules/dom-accessibility-api
498 silly ADD node_modules/@types/aria-query
499 silly ADD node_modules/web-vitals
500 silly ADD node_modules/@testing-library/dom
501 silly ADD node_modules/@testing-library/dom/node_modules/has-flag
502 silly ADD node_modules/@testing-library/dom/node_modules/color-name
503 silly ADD node_modules/@testing-library/dom/node_modules/color-convert
504 silly ADD node_modules/@testing-library/dom/node_modules/supports-color
505 silly ADD node_modules/@testing-library/dom/node_modules/ansi-styles
506 silly ADD node_modules/@testing-library/dom/node_modules/chalk
507 silly ADD node_modules/@testing-library/user-event
508 silly ADD node_modules/@testing-library/react
509 silly ADD node_modules/@testing-library/react/node_modules/has-flag
510 silly ADD node_modules/@testing-library/react/node_modules/color-name
511 silly ADD node_modules/@testing-library/react/node_modules/color-convert
512 silly ADD node_modules/@testing-library/react/node_modules/supports-color
513 silly ADD node_modules/@testing-library/react/node_modules/ansi-styles
514 silly ADD node_modules/@testing-library/react/node_modules/chalk
515 silly ADD node_modules/@testing-library/react/node_modules/aria-query
516 silly ADD node_modules/@testing-library/react/node_modules/@testing-library/dom
517 silly ADD node_modules/@testing-library/jest-dom
518 silly ADD node_modules/@testing-library/jest-dom/node_modules/has-flag
519 silly ADD node_modules/@testing-library/jest-dom/node_modules/color-name
520 silly ADD node_modules/@testing-library/jest-dom/node_modules/color-convert
521 silly ADD node_modules/@testing-library/jest-dom/node_modules/supports-color
522 silly ADD node_modules/@testing-library/jest-dom/node_modules/ansi-styles
523 silly ADD node_modules/@testing-library/jest-dom/node_modules/chalk
524 silly ADD
525 silly CHANGE node_modules/typescript
526 timing command:install Completed in 29729ms
527 verbose exit 0
528 timing npm Completed in 30681ms
529 info ok
