0 verbose cli C:\Program Files\nodejs\node.exe C:\Users\notai\AppData\Roaming\npm\node_modules\npm\bin\npm-cli.js
1 info using npm@10.3.0
0 verbose cli C:\Program Files\nodejs\node.exe C:\Users\notai\AppData\Roaming\npm\node_modules\npm\bin\npm-cli.js
2 info using node@v20.9.0
3 timing npm:load:whichnode Completed in 4ms
1 info using npm@10.3.0
4 timing config:load:defaults Completed in 4ms
2 info using node@v20.9.0
5 timing config:load:file:C:\Users\notai\AppData\Roaming\npm\node_modules\npm\npmrc Completed in 6ms
6 timing config:load:builtin Completed in 7ms
7 timing config:load:cli Completed in 2ms
8 timing config:load:env Completed in 1ms
9 timing config:load:file:g:\notai\VSCodeProjects\stfrancisweb\.npmrc Completed in 0ms
10 timing config:load:project Completed in 2ms
3 timing npm:load:whichnode Completed in 4ms
4 timing config:load:defaults Completed in 8ms
5 timing config:load:file:C:\Users\notai\AppData\Roaming\npm\node_modules\npm\npmrc Completed in 4ms
6 timing config:load:builtin Completed in 4ms
7 timing config:load:cli Completed in 2ms
11 timing config:load:file:C:\Users\notai\.npmrc Completed in 0ms
8 timing config:load:env Completed in 1ms
9 timing config:load:file:g:\notai\VSCodeProjects\stfrancisweb\.npmrc Completed in 0ms
10 timing config:load:project Completed in 2ms
12 timing config:load:user Completed in 1ms
13 timing config:load:file:C:\Users\notai\AppData\Roaming\npm\etc\npmrc Completed in 0ms
14 timing config:load:global Completed in 0ms
15 timing config:load:setEnvs Completed in 2ms
16 timing config:load Completed in 19ms
17 timing npm:load:configload Completed in 19ms
11 timing config:load:file:C:\Users\notai\.npmrc Completed in 1ms
18 timing config:load:flatten Completed in 3ms
19 timing npm:load:mkdirpcache Completed in 1ms
12 timing config:load:user Completed in 1ms
20 timing npm:load:mkdirplogs Completed in 1ms
13 timing config:load:file:C:\Users\notai\AppData\Roaming\npm\etc\npmrc Completed in 0ms
14 timing config:load:global Completed in 0ms
15 timing config:load:setEnvs Completed in 1ms
16 timing config:load Completed in 19ms
17 timing npm:load:configload Completed in 19ms
18 timing config:load:flatten Completed in 4ms
21 verbose title npm outdated
19 timing npm:load:mkdirpcache Completed in 1ms
22 verbose argv "outdated" "--json"
20 timing npm:load:mkdirplogs Completed in 1ms
23 timing npm:load:setTitle Completed in 1ms
24 timing npm:load:display Completed in 2ms
25 verbose logfile logs-max:10 dir:G:\notai\VSCodeProjects\stfrancisweb\notai\packages\npm\_logs\2024-05-01T16_18_46_989Z-
21 verbose title npm list
22 verbose argv "list" "--json"
23 timing npm:load:setTitle Completed in 1ms
24 timing npm:load:display Completed in 1ms
25 verbose logfile logs-max:10 dir:G:\notai\VSCodeProjects\stfrancisweb\notai\packages\npm\_logs\2024-05-01T16_18_46_989Z-
26 verbose logfile G:\notai\VSCodeProjects\stfrancisweb\notai\packages\npm\_logs\2024-05-01T16_18_46_989Z-debug-0.log
27 timing npm:load:logFile Completed in 14ms
28 timing npm:load:timers Completed in 0ms
29 timing npm:load:configScope Completed in 0ms
30 timing npm:load Completed in 102ms
26 verbose logfile G:\notai\VSCodeProjects\stfrancisweb\notai\packages\npm\_logs\2024-05-01T16_18_46_989Z-debug-0.log
27 timing npm:load:logFile Completed in 17ms
28 timing npm:load:timers Completed in 0ms
29 timing npm:load:configScope Completed in 1ms
30 timing npm:load Completed in 106ms
31 silly logfile start cleaning logs, removing 2 files
32 silly logfile done cleaning log files
31 timing arborist:ctor Completed in 1ms
33 timing arborist:ctor Completed in 1ms
32 silly logfile done cleaning log files
34 verbose shrinkwrap failed to load node_modules/.package-lock.json out of date, updated: node_modules
33 verbose shrinkwrap failed to load node_modules/.package-lock.json out of date, updated: node_modules
34 timing command:list Completed in 3538ms
35 verbose exit 0
36 timing npm Completed in 3888ms
37 info ok
35 http fetch GET 200 https://registry.npmjs.org/aos 82334ms (cache stale)
36 http fetch GET 200 https://registry.npmjs.org/@testing-library%2fjest-dom 82342ms (cache stale)
37 http fetch GET 200 https://registry.npmjs.org/@srexi%2fpurecounterjs 108237ms (cache stale)
38 http fetch GET 200 https://registry.npmjs.org/@testing-library%2fuser-event 108233ms (cache stale)
39 http fetch GET 200 https://registry.npmjs.org/glightbox 108278ms (cache stale)
40 http fetch GET 200 https://registry.npmjs.org/isotope-layout 108279ms (cache stale)
41 http fetch GET 200 https://registry.npmjs.org/@testing-library%2freact 108285ms (cache stale)
42 http fetch GET 200 https://registry.npmjs.org/react-bootstrap 108285ms (cache stale)
43 http fetch GET 200 https://registry.npmjs.org/bootstrap 108297ms (cache stale)
44 http fetch GET 200 https://registry.npmjs.org/react-scripts 108306ms (cache stale)
45 http fetch GET 200 https://registry.npmjs.org/react 108332ms (cache stale)
46 http fetch GET 200 https://registry.npmjs.org/react-dom 108362ms (cache stale)
47 http fetch GET 200 https://registry.npmjs.org/react-scroll 108381ms (cache stale)
48 http fetch GET 200 https://registry.npmjs.org/web-vitals 108388ms (cache stale)
49 http fetch GET 200 https://registry.npmjs.org/react-router-hash-link 108395ms (cache stale)
50 http fetch GET 200 https://registry.npmjs.org/react-countup 108398ms (cache stale)
51 http fetch GET 200 https://registry.npmjs.org/react-bootstrap-icons 108402ms (cache stale)
52 http fetch GET 200 https://registry.npmjs.org/swiper 108400ms (cache stale)
53 timing command:outdated Completed in 111486ms
54 verbose exit 1
55 timing npm Completed in 112419ms
56 verbose code 1
