0 verbose cli C:\Program Files\nodejs\node.exe C:\Users\notai\AppData\Roaming\npm\node_modules\npm\bin\npm-cli.js
1 info using npm@10.3.0
2 info using node@v20.9.0
3 timing npm:load:whichnode Completed in 6ms
4 timing config:load:defaults Completed in 13ms
5 timing config:load:file:C:\Users\notai\AppData\Roaming\npm\node_modules\npm\npmrc Completed in 6ms
6 timing config:load:builtin Completed in 7ms
7 timing config:load:cli Completed in 7ms
8 timing config:load:env Completed in 2ms
9 timing config:load:file:G:\notai\stfrancisweb\stfrancisweb\stfrancisweb\.npmrc Completed in 1ms
10 timing config:load:project Completed in 3ms
11 timing config:load:file:C:\Users\notai\.npmrc Completed in 1ms
12 timing config:load:user Completed in 1ms
13 timing config:load:file:C:\Users\notai\AppData\Roaming\npm\etc\npmrc Completed in 1ms
14 timing config:load:global Completed in 1ms
15 timing config:load:setEnvs Completed in 3ms
16 timing config:load Completed in 38ms
17 timing npm:load:configload Completed in 39ms
18 timing config:load:flatten Completed in 5ms
19 timing npm:load:mkdirpcache Completed in 1ms
20 timing npm:load:mkdirplogs Completed in 0ms
21 verbose title npm
22 verbose argv "--version"
23 timing npm:load:setTitle Completed in 1ms
24 timing npm:load:display Completed in 2ms
25 verbose logfile logs-max:10 dir:G:\notai\stfrancisweb\stfrancisweb\stfrancisweb\notai\packages\npm\_logs\2024-04-29T12_46_05_072Z-
26 verbose logfile G:\notai\stfrancisweb\stfrancisweb\stfrancisweb\notai\packages\npm\_logs\2024-04-29T12_46_05_072Z-debug-0.log
27 timing npm:load:logFile Completed in 20ms
28 timing npm:load:timers Completed in 0ms
29 timing npm:load:configScope Completed in 0ms
30 timing npm:load Completed in 178ms
31 verbose exit 0
32 timing npm Completed in 195ms
33 info ok
